2025-09-30 13:10:44,903 - INFO - === FORBES AI PARSER STARTED ===
2025-09-30 13:10:44,903 - INFO - Start time: 2025-09-30 13:10:44.903571
2025-09-30 13:10:44,903 - INFO - State file not found, this is first run
2025-09-30 13:10:44,903 - INFO - Run #1
2025-09-30 13:10:44,903 - INFO - Starting parser with precise XPath...
2025-09-30 13:10:44,903 - ERROR - Error loading last_news: Expecting value: line 2 column 1 (char 1)
2025-09-30 13:10:44,904 - INFO - No previous news
2025-09-30 13:10:44,904 - INFO - ====== WebDriver manager ======
2025-09-30 13:10:45,231 - INFO - Get LATEST chromedriver version for google-chrome
2025-09-30 13:10:45,286 - INFO - Get LATEST chromedriver version for google-chrome
2025-09-30 13:10:45,331 - INFO - There is no [linux64] chromedriver "140.0.7339.207" for browser google-chrome "140.0.7339" in cache
2025-09-30 13:10:45,331 - INFO - Get LATEST chromedriver version for google-chrome
2025-09-30 13:10:45,462 - INFO - WebDriver version 140.0.7339.207 selected
2025-09-30 13:10:45,467 - INFO - Modern chrome version https://storage.googleapis.com/chrome-for-testing-public/140.0.7339.207/linux64/chromedriver-linux64.zip
2025-09-30 13:10:45,467 - INFO - About to download new driver from https://storage.googleapis.com/chrome-for-testing-public/140.0.7339.207/linux64/chromedriver-linux64.zip
2025-09-30 13:10:45,514 - INFO - Driver downloading response is 200
2025-09-30 13:10:45,589 - INFO - Get LATEST chromedriver version for google-chrome
2025-09-30 13:10:45,746 - INFO - Driver has been saved in cache [/home/runner/.wdm/drivers/chromedriver/linux64/140.0.7339.207]
2025-09-30 13:10:46,643 - INFO - Loading Forbes AI...
2025-09-30 13:11:27,717 - INFO - Finding news using precise XPath...
2025-09-30 13:11:27,765 - INFO - Found 'More From AI' section
2025-09-30 13:11:27,815 - INFO - Found article 1: Workday Rising 2025 Showcases Workday’s Pivot To A...
2025-09-30 13:11:27,854 - INFO - Found article 2: Stop Saying Generative Engine Optimization. It’s C...
2025-09-30 13:11:27,895 - INFO - Found article 3: AI Meets Oral Health: The Race To Redefine Digital...
2025-09-30 13:11:27,936 - INFO - Found article 4: Precision Mental Health Gets Precisely Boosted Via...
2025-09-30 13:11:27,990 - INFO - Found article 5: The Rise Of AI-Powered Ransomware: The Need To Ada...
2025-09-30 13:11:28,050 - INFO - Found article 6: Are Uber And Lyft Becoming Obsolete?...
2025-09-30 13:11:28,089 - INFO - Found article 7: New Snapdragon Mobile And PC Platforms Set To Fuel...
2025-09-30 13:11:28,126 - INFO - Found article 8: Waymos Get Stuck In Phoenix Flood, How Could They ...
2025-09-30 13:11:28,165 - INFO - Found article 9: Defining The Big Picture Framework When It Comes T...
2025-09-30 13:11:28,203 - INFO - Found article 10: The 5 Technology Trends For 2026 Everyone Must Pre...
2025-09-30 13:11:28,242 - INFO - Found article 11: Hidden Google Photos Code Suggests Return Of Missi...
2025-09-30 13:11:28,281 - INFO - Found article 12: Canada Joins The Global Push For Sovereign AI With...
2025-09-30 13:11:28,322 - INFO - Found article 13: The Manager OS: 7 Things Every Manager Should Do T...
2025-09-30 13:11:28,361 - INFO - Found article 14: Microsoft Offers Discounted AI To The Federal Gove...
2025-09-30 13:11:28,400 - INFO - Found article 15: AI Safety Group Finds Agentic Tools Slow Down Open...
2025-09-30 13:11:28,438 - INFO - Found article 16: The Economic Singularity And The Five As...
2025-09-30 13:11:28,477 - INFO - Found article 17: Why AI Evals And KPIs Are The New Standard For Sca...
2025-09-30 13:11:28,555 - INFO - Found article 18: Harvard’s BKC Explores Whether Human Intelligence ...
2025-09-30 13:11:28,596 - INFO - Found article 19: The 4H Blueprint: Space, Prosocial AI And Planetar...
2025-09-30 13:11:28,634 - INFO - Found article 20: Google Photos May Get Nano Banana AI , Claims New ...
2025-09-30 13:11:28,647 - INFO - No more news found (index 21), total found: 20
2025-09-30 13:11:28,647 - INFO - No previous news, taking all 20 articles
2025-09-30 13:11:28,648 - INFO - Last news saved: /home/runner/work/ai-news-monitor/ai-news-monitor/last_news.json
2025-09-30 13:11:28,648 - INFO - New last news saved: Workday Rising 2025 Showcases Workday’s Pivot To AI Platform...
2025-09-30 13:11:28,734 - INFO - SUCCESS! Found: 20 new articles
2025-09-30 13:11:28,734 - INFO - Directory already exists: /home/runner/work/ai-news-monitor/ai-news-monitor/results
2025-09-30 13:11:28,734 - INFO - Created file: /home/runner/work/ai-news-monitor/ai-news-monitor/results/github_20250930_131128.txt
2025-09-30 13:11:28,734 - INFO - News count saved: 20
2025-09-30 13:11:28,734 - INFO - === FOLDER CONTENTS ===
2025-09-30 13:11:28,735 - INFO - File: github_20250930_131128.txt (5835 bytes)
2025-09-30 13:11:28,735 - INFO - Script completed successfully. Files created: 1
2025-09-30 13:11:28,735 - INFO - Run counter updated: 1
